<?xml version="1.0" encoding="UTF-8"?>
<!-- Generated by org.testng.reporters.JUnitReportReporter -->
<testsuite hostname="LAPTOP-EH7641DI" failures="0" tests="1" name="Listeners_Test.Base_Class" time="8.152" errors="0" timestamp="24 Mar 2022 10:05:29 GMT" skipped="0">
  <testcase classname="Listeners_Test.Base_Class" name="Test2" time="8.152"/>
</testsuite> <!-- Listeners_Test.Base_Class -->
